[debug] [2025-09-27T07:26:24.238Z] ----------------------------------------------------------------------
[debug] [2025-09-27T07:26:24.239Z] Command:       /opt/homebrew/Cellar/node@20/20.19.5/bin/node /Users/jim/GitHub/bob/node_modules/.bin/firebase emulators:start --only firestore,auth --project bob20250810
[debug] [2025-09-27T07:26:24.239Z] CLI Version:   13.35.1
[debug] [2025-09-27T07:26:24.239Z] Platform:      darwin
[debug] [2025-09-27T07:26:24.240Z] Node Version:  v20.19.5
[debug] [2025-09-27T07:26:24.240Z] Time:          Sat Sep 27 2025 08:26:24 GMT+0100 (British Summer Time)
[debug] [2025-09-27T07:26:24.240Z] ----------------------------------------------------------------------
[debug] 
[debug] [2025-09-27T07:26:24.349Z] > command requires scopes: ["email","openid","https://www.googleapis.com/auth/cloudplatformprojects.readonly","https://www.googleapis.com/auth/firebase","https://www.googleapis.com/auth/cloud-platform"]
[debug] [2025-09-27T07:26:24.349Z] > authorizing via signed-in user (Jdonnelly@jc1.tech)
[debug] [2025-09-27T07:26:24.361Z] The operation couldn’t be completed. Unable to locate a Java Runtime.
Please visit http://www.java.com for information on installing Java.


[info] i  emulators: Shutting down emulators. {"metadata":{"emulator":{"name":"hub"},"message":"Shutting down emulators."}}
[error] 
[error] Error: Process `java -version` has exited with code 1. Please make sure Java is installed and on your system PATH.
-----Original stdout-----
-----Original stderr-----
The operation couldn’t be completed. Unable to locate a Java Runtime.
Please visit http://www.java.com for information on installing Java.


[debug] [2025-09-27T07:26:29.573Z] ----------------------------------------------------------------------
[debug] [2025-09-27T07:26:29.574Z] Command:       /opt/homebrew/Cellar/node@20/20.19.5/bin/node /Users/jim/GitHub/bob/node_modules/.bin/firebase emulators:start --only firestore,auth --project bob20250810
[debug] [2025-09-27T07:26:29.574Z] CLI Version:   13.35.1
[debug] [2025-09-27T07:26:29.575Z] Platform:      darwin
[debug] [2025-09-27T07:26:29.575Z] Node Version:  v20.19.5
[debug] [2025-09-27T07:26:29.575Z] Time:          Sat Sep 27 2025 08:26:29 GMT+0100 (British Summer Time)
[debug] [2025-09-27T07:26:29.575Z] ----------------------------------------------------------------------
[debug] 
[debug] [2025-09-27T07:26:29.666Z] > command requires scopes: ["email","openid","https://www.googleapis.com/auth/cloudplatformprojects.readonly","https://www.googleapis.com/auth/firebase","https://www.googleapis.com/auth/cloud-platform"]
[debug] [2025-09-27T07:26:29.666Z] > authorizing via signed-in user (Jdonnelly@jc1.tech)
[debug] [2025-09-27T07:26:29.676Z] The operation couldn’t be completed. Unable to locate a Java Runtime.
Please visit http://www.java.com for information on installing Java.


[info] i  emulators: Shutting down emulators. {"metadata":{"emulator":{"name":"hub"},"message":"Shutting down emulators."}}
[error] 
[error] Error: Process `java -version` has exited with code 1. Please make sure Java is installed and on your system PATH.
-----Original stdout-----
-----Original stderr-----
The operation couldn’t be completed. Unable to locate a Java Runtime.
Please visit http://www.java.com for information on installing Java.


