[0;34m[2025-09-09 09:14:58][0m Validating git repository...
[0;32mâœ… Git repository validated[0m
[0;34m[2025-09-09 09:14:58][0m Checking for uncommitted changes...
[0;32mâœ… No uncommitted changes[0m
[0;34m[2025-09-09 09:14:58][0m Checking branch status...
[0;32mâœ… Current branch: ui/metrics-header[0m
[1;33mâš ï¸  Your branch is 20 commits behind origin/ui/metrics-header[0m
[1;33mâš ï¸  Consider pulling latest changes before pushing[0m
[0;32mâœ… Your branch is 20 commits ahead of origin/ui/metrics-header[0m
[0;34m[2025-09-09 09:14:58][0m Validating project structure...
[0;32mâœ… Found required file: package.json[0m
[0;32mâœ… Found required file: README.md[0m
[0;32mâœ… Found required file: firebase.json[0m
[0;32mâœ… Found required file: firestore.rules[0m
[0;32mâœ… Found required directory: public[0m
[0;32mâœ… Found required directory: functions[0m
[0;32mâœ… Found required directory: react-app[0m
[0;32mâœ… Found required directory: Business Analyst AI[0m
[0;32mâœ… Found required directory: Developer AI[0m
[0;34m[2025-09-09 09:14:58][0m Checking Node.js environment...
[0;32mâœ… Node.js version: v24.1.0[0m
[0;32mâœ… npm version: 11.3.0[0m
[0;34m[2025-09-09 09:14:58][0m Validating package.json files...
[0;32mâœ… Root package.json is valid[0m
[0;34m[2025-09-09 09:14:59][0m Checking TypeScript compilation...
