[0;34m[2025-09-10 10:00:23][0m Validating git repository...
[0;32mâœ… Git repository validated[0m
[0;34m[2025-09-10 10:00:23][0m Checking for uncommitted changes...
[0;32mâœ… No uncommitted changes[0m
[0;34m[2025-09-10 10:00:23][0m Checking branch status...
[0;32mâœ… Current branch: ui/metrics-header[0m
[0;32mâœ… Your branch is 1 commits ahead of origin/ui/metrics-header[0m
[0;34m[2025-09-10 10:00:24][0m Validating project structure...
[0;32mâœ… Found required file: package.json[0m
[0;32mâœ… Found required file: README.md[0m
[0;32mâœ… Found required file: firebase.json[0m
[0;32mâœ… Found required file: firestore.rules[0m
[0;32mâœ… Found required directory: public[0m
[0;32mâœ… Found required directory: functions[0m
[0;32mâœ… Found required directory: react-app[0m
[0;32mâœ… Found required directory: Business Analyst AI[0m
[0;32mâœ… Found required directory: Developer AI[0m
[0;34m[2025-09-10 10:00:24][0m Checking Node.js environment...
[0;32mâœ… Node.js version: v24.1.0[0m
[0;32mâœ… npm version: 11.3.0[0m
[0;34m[2025-09-10 10:00:24][0m Validating package.json files...
[0;32mâœ… Root package.json is valid[0m
[0;34m[2025-09-10 10:00:25][0m Checking TypeScript compilation...
[0;34m[2025-09-10 10:00:38][0m Running linting checks...
[1;33mâš ï¸  Skipping tests as requested[0m
[0;34m[2025-09-10 10:00:38][0m Checking Firebase configuration...
[0;32mâœ… firebase.json is valid JSON[0m
[0;32mâœ… Firestore rules file found[0m
[0;32mâœ… Firebase CLI is available[0m
[0;34m[2025-09-10 10:00:38][0m Checking documentation completeness...
[0;32mâœ… Documentation file exists: README.md[0m
[0;32mâœ… Documentation file exists: Business Analyst AI/README.md[0m
[0;32mâœ… Documentation file exists: Developer AI/README.md[0m
[1;33mâš ï¸  Missing documentation: GETTING_STARTED.md[0m
[0;34m[2025-09-10 10:00:38][0m Running security checks...
[0;34m[2025-09-10 10:00:38][0m Scanning for potential secrets...
[1;33mâš ï¸  Potential secret found for pattern: password[0m
[1;33mâš ï¸  Potential secret found for pattern: secret[0m
[1;33mâš ï¸  Potential secret found for pattern: token[0m
